# JRE version: Java(TM) SE Runtime Environment (20.0.1+9) (build 20.0.1+9-29)
# Java VM: Java HotSpot(TM) 64-Bit Server VM (20.0.1+9-29, mixed mode, sharing, tiered, compressed oops, compressed class ptrs, g1 gc, windows-amd64)
GC Precious Log:
 CardTable entry size: 512
 Card Set container configuration: InlinePtr #cards 5 size 8 Array Of Cards #cards 12 size 40 Howl #buckets 4 coarsen threshold 1843 Howl Bitmap #cards 512 size 80 coarsen threshold 460 Card regions per heap region 1 cards per card region 2048
 CPUs: 12 total, 12 available
 Memory: 7985M
 Large Page Support: Disabled
 NUMA Support: Disabled
 Compressed Oops: Enabled (32-bit)
 Heap Region Size: 1M
 Heap Min Capacity: 8M
 Heap Initial Capacity: 126M
 Heap Max Capacity: 1998M
 Pre-touch: Disabled
 Parallel Workers: 10
 Concurrent Workers: 3
 Concurrent Refinement Workers: 10
 Periodic GC: Disabled
Heap:
 garbage-first heap   total 146432K, used 90624K [0x0000000083200000, 0x0000000100000000)
  region size 1024K, 45 young (46080K), 4 survivors (4096K)
 Metaspace       used 34966K, committed 35520K, reserved 1114112K
  class space    used 3902K, committed 4160K, reserved 1048576K
GC Heap History (16 events):
Event: 0.595 GC heap before
{Heap before GC invocations=0 (full 0):
 garbage-first heap   total 129024K, used 22528K [0x0000000083200000, 0x0000000100000000)
  region size 1024K, 23 young (23552K), 0 survivors (0K)
 Metaspace       used 6043K, committed 6208K, reserved 1114112K
  class space    used 687K, committed 768K, reserved 1048576K
}
Event: 0.600 GC heap after
{Heap after GC invocations=1 (full 0):
 garbage-first heap   total 129024K, used 3925K [0x0000000083200000, 0x0000000100000000)
  region size 1024K, 3 young (3072K), 3 survivors (3072K)
 Metaspace       used 6043K, committed 6208K, reserved 1114112K
  class space    used 687K, committed 768K, reserved 1048576K
}
Event: 0.960 GC heap before
{Heap before GC invocations=1 (full 0):
 garbage-first heap   total 129024K, used 34645K [0x0000000083200000, 0x0000000100000000)
  region size 1024K, 33 young (33792K), 3 survivors (3072K)
 Metaspace       used 10259K, committed 10432K, reserved 1114112K
  class space    used 1197K, committed 1280K, reserved 1048576K
}
Event: 0.964 GC heap after
{Heap after GC invocations=2 (full 0):
 garbage-first heap   total 129024K, used 5906K [0x0000000083200000, 0x0000000100000000)
  region size 1024K, 2 young (2048K), 2 survivors (2048K)
 Metaspace       used 10259K, committed 10432K, reserved 1114112K
  class space    used 1197K, committed 1280K, reserved 1048576K
}
Event: 2.047 GC heap before
{Heap before GC invocations=2 (full 0):
 garbage-first heap   total 129024K, used 80658K [0x0000000083200000, 0x0000000100000000)
  region size 1024K, 75 young (76800K), 2 survivors (2048K)
 Metaspace       used 16584K, committed 16832K, reserved 1114112K
  class space    used 1886K, committed 1984K, reserved 1048576K
}
Event: 2.057 GC heap after
{Heap after GC invocations=3 (full 0):
 garbage-first heap   total 129024K, used 14614K [0x0000000083200000, 0x0000000100000000)
  region size 1024K, 10 young (10240K), 10 survivors (10240K)
 Metaspace       used 16584K, committed 16832K, reserved 1114112K
  class space    used 1886K, committed 1984K, reserved 1048576K
}
Event: 3.000 GC heap before
{Heap before GC invocations=3 (full 0):
 garbage-first heap   total 129024K, used 113942K [0x0000000083200000, 0x0000000100000000)
  region size 1024K, 75 young (76800K), 10 survivors (10240K)
 Metaspace       used 18429K, committed 18752K, reserved 1114112K
  class space    used 2026K, committed 2176K, reserved 1048576K
}
Event: 3.010 GC heap after
{Heap after GC invocations=4 (full 0):
 garbage-first heap   total 130048K, used 19606K [0x0000000083200000, 0x0000000100000000)
  region size 1024K, 6 young (6144K), 6 survivors (6144K)
 Metaspace       used 18429K, committed 18752K, reserved 1114112K
  class space    used 2026K, committed 2176K, reserved 1048576K
}
Event: 3.433 GC heap before
{Heap before GC invocations=4 (full 0):
 garbage-first heap   total 130048K, used 43158K [0x0000000083200000, 0x0000000100000000)
  region size 1024K, 25 young (25600K), 6 survivors (6144K)
 Metaspace       used 21205K, committed 21504K, reserved 1114112K
  class space    used 2349K, committed 2496K, reserved 1048576K
}
Event: 3.439 GC heap after
{Heap after GC invocations=5 (full 0):
 garbage-first heap   total 130048K, used 27798K [0x0000000083200000, 0x0000000100000000)
  region size 1024K, 10 young (10240K), 10 survivors (10240K)
 Metaspace       used 21205K, committed 21504K, reserved 1114112K
  class space    used 2349K, committed 2496K, reserved 1048576K
}
Event: 4.649 GC heap before
{Heap before GC invocations=6 (full 0):
 garbage-first heap   total 99328K, used 96406K [0x0000000083200000, 0x0000000100000000)
  region size 1024K, 76 young (77824K), 10 survivors (10240K)
 Metaspace       used 28520K, committed 28864K, reserved 1114112K
  class space    used 3193K, committed 3328K, reserved 1048576K
}
Event: 4.676 GC heap after
{Heap after GC invocations=7 (full 0):
 garbage-first heap   total 121856K, used 41622K [0x0000000083200000, 0x0000000100000000)
  region size 1024K, 10 young (10240K), 10 survivors (10240K)
 Metaspace       used 28520K, committed 28864K, reserved 1114112K
  class space    used 3193K, committed 3328K, reserved 1048576K
}
Event: 5.596 GC heap before
{Heap before GC invocations=7 (full 0):
 garbage-first heap   total 121856K, used 102038K [0x0000000083200000, 0x0000000100000000)
  region size 1024K, 65 young (66560K), 10 survivors (10240K)
 Metaspace       used 30607K, committed 31040K, reserved 1114112K
  class space    used 3439K, committed 3648K, reserved 1048576K
}
Event: 5.611 GC heap after
{Heap after GC invocations=8 (full 0):
 garbage-first heap   total 146432K, used 52224K [0x0000000083200000, 0x0000000100000000)
  region size 1024K, 9 young (9216K), 9 survivors (9216K)
 Metaspace       used 30607K, committed 31040K, reserved 1114112K
  class space    used 3439K, committed 3648K, reserved 1048576K
}
Event: 6.432 GC heap before
{Heap before GC invocations=8 (full 0):
 garbage-first heap   total 146432K, used 112640K [0x0000000083200000, 0x0000000100000000)
  region size 1024K, 68 young (69632K), 9 survivors (9216K)
 Metaspace       used 32048K, committed 32512K, reserved 1114112K
  class space    used 3603K, committed 3840K, reserved 1048576K
}
Event: 6.436 GC heap after
{Heap after GC invocations=9 (full 0):
 garbage-first heap   total 146432K, used 49664K [0x0000000083200000, 0x0000000100000000)
  region size 1024K, 4 young (4096K), 4 survivors (4096K)
 Metaspace       used 32048K, committed 32512K, reserved 1114112K
  class space    used 3603K, committed 3840K, reserved 1048576K
}

