# JRE version: Java(TM) SE Runtime Environment (20.0.1+9) (build 20.0.1+9-29)
# Java VM: Java HotSpot(TM) 64-Bit Server VM (20.0.1+9-29, mixed mode, sharing, tiered, compressed oops, compressed class ptrs, g1 gc, windows-amd64)
GC Precious Log:
 CardTable entry size: 512
 Card Set container configuration: InlinePtr #cards 5 size 8 Array Of Cards #cards 12 size 40 Howl #buckets 4 coarsen threshold 1843 Howl Bitmap #cards 512 size 80 coarsen threshold 460 Card regions per heap region 1 cards per card region 2048
 CPUs: 12 total, 12 available
 Memory: 7985M
 Large Page Support: Disabled
 NUMA Support: Disabled
 Compressed Oops: Enabled (32-bit)
 Heap Region Size: 1M
 Heap Min Capacity: 8M
 Heap Initial Capacity: 126M
 Heap Max Capacity: 1998M
 Pre-touch: Disabled
 Parallel Workers: 10
 Concurrent Workers: 3
 Concurrent Refinement Workers: 10
 Periodic GC: Disabled
Heap:
 garbage-first heap   total 146432K, used 96256K [0x0000000083200000, 0x0000000100000000)
  region size 1024K, 44 young (45056K), 9 survivors (9216K)
 Metaspace       used 33241K, committed 33728K, reserved 1114112K
  class space    used 3696K, committed 3904K, reserved 1048576K
GC Heap History (16 events):
Event: 0.772 GC heap before
{Heap before GC invocations=0 (full 0):
 garbage-first heap   total 129024K, used 23552K [0x0000000083200000, 0x0000000100000000)
  region size 1024K, 23 young (23552K), 0 survivors (0K)
 Metaspace       used 6031K, committed 6208K, reserved 1114112K
  class space    used 687K, committed 768K, reserved 1048576K
}
Event: 0.779 GC heap after
{Heap after GC invocations=1 (full 0):
 garbage-first heap   total 129024K, used 3942K [0x0000000083200000, 0x0000000100000000)
  region size 1024K, 3 young (3072K), 3 survivors (3072K)
 Metaspace       used 6031K, committed 6208K, reserved 1114112K
  class space    used 687K, committed 768K, reserved 1048576K
}
Event: 1.371 GC heap before
{Heap before GC invocations=1 (full 0):
 garbage-first heap   total 129024K, used 34662K [0x0000000083200000, 0x0000000100000000)
  region size 1024K, 33 young (33792K), 3 survivors (3072K)
 Metaspace       used 10383K, committed 10560K, reserved 1114112K
  class space    used 1203K, committed 1280K, reserved 1048576K
}
Event: 1.378 GC heap after
{Heap after GC invocations=2 (full 0):
 garbage-first heap   total 129024K, used 6476K [0x0000000083200000, 0x0000000100000000)
  region size 1024K, 3 young (3072K), 3 survivors (3072K)
 Metaspace       used 10383K, committed 10560K, reserved 1114112K
  class space    used 1203K, committed 1280K, reserved 1048576K
}
Event: 2.996 GC heap before
{Heap before GC invocations=2 (full 0):
 garbage-first heap   total 129024K, used 80204K [0x0000000083200000, 0x0000000100000000)
  region size 1024K, 75 young (76800K), 3 survivors (3072K)
 Metaspace       used 16532K, committed 16832K, reserved 1114112K
  class space    used 1887K, committed 1984K, reserved 1048576K
}
Event: 3.009 GC heap after
{Heap after GC invocations=3 (full 0):
 garbage-first heap   total 129024K, used 14468K [0x0000000083200000, 0x0000000100000000)
  region size 1024K, 10 young (10240K), 10 survivors (10240K)
 Metaspace       used 16532K, committed 16832K, reserved 1114112K
  class space    used 1887K, committed 1984K, reserved 1048576K
}
Event: 4.487 GC heap before
{Heap before GC invocations=3 (full 0):
 garbage-first heap   total 129024K, used 113796K [0x0000000083200000, 0x0000000100000000)
  region size 1024K, 75 young (76800K), 10 survivors (10240K)
 Metaspace       used 18197K, committed 18496K, reserved 1114112K
  class space    used 2004K, committed 2112K, reserved 1048576K
}
Event: 4.507 GC heap after
{Heap after GC invocations=4 (full 0):
 garbage-first heap   total 129024K, used 19060K [0x0000000083200000, 0x0000000100000000)
  region size 1024K, 5 young (5120K), 5 survivors (5120K)
 Metaspace       used 18197K, committed 18496K, reserved 1114112K
  class space    used 2004K, committed 2112K, reserved 1048576K
}
Event: 5.017 GC heap before
{Heap before GC invocations=4 (full 0):
 garbage-first heap   total 129024K, used 45684K [0x0000000083200000, 0x0000000100000000)
  region size 1024K, 27 young (27648K), 5 survivors (5120K)
 Metaspace       used 21190K, committed 21504K, reserved 1114112K
  class space    used 2346K, committed 2496K, reserved 1048576K
}
Event: 5.027 GC heap after
{Heap after GC invocations=5 (full 0):
 garbage-first heap   total 129024K, used 27764K [0x0000000083200000, 0x0000000100000000)
  region size 1024K, 10 young (10240K), 10 survivors (10240K)
 Metaspace       used 21190K, committed 21504K, reserved 1114112K
  class space    used 2346K, committed 2496K, reserved 1048576K
}
Event: 6.652 GC heap before
{Heap before GC invocations=6 (full 0):
 garbage-first heap   total 99328K, used 95348K [0x0000000083200000, 0x0000000100000000)
  region size 1024K, 75 young (76800K), 10 survivors (10240K)
 Metaspace       used 28383K, committed 28736K, reserved 1114112K
  class space    used 3168K, committed 3328K, reserved 1048576K
}
Event: 6.683 GC heap after
{Heap after GC invocations=7 (full 0):
 garbage-first heap   total 121856K, used 42100K [0x0000000083200000, 0x0000000100000000)
  region size 1024K, 10 young (10240K), 10 survivors (10240K)
 Metaspace       used 28383K, committed 28736K, reserved 1114112K
  class space    used 3168K, committed 3328K, reserved 1048576K
}
Event: 7.759 GC heap before
{Heap before GC invocations=7 (full 0):
 garbage-first heap   total 121856K, used 100468K [0x0000000083200000, 0x0000000100000000)
  region size 1024K, 64 young (65536K), 10 survivors (10240K)
 Metaspace       used 30765K, committed 31168K, reserved 1114112K
  class space    used 3453K, committed 3648K, reserved 1048576K
}
Event: 7.777 GC heap after
{Heap after GC invocations=8 (full 0):
 garbage-first heap   total 146432K, used 49664K [0x0000000083200000, 0x0000000100000000)
  region size 1024K, 8 young (8192K), 8 survivors (8192K)
 Metaspace       used 30765K, committed 31168K, reserved 1114112K
  class space    used 3453K, committed 3648K, reserved 1048576K
}
Event: 9.020 GC heap before
{Heap before GC invocations=8 (full 0):
 garbage-first heap   total 146432K, used 112128K [0x0000000083200000, 0x0000000100000000)
  region size 1024K, 69 young (70656K), 8 survivors (8192K)
 Metaspace       used 32098K, committed 32576K, reserved 1114112K
  class space    used 3606K, committed 3840K, reserved 1048576K
}
Event: 9.031 GC heap after
{Heap after GC invocations=9 (full 0):
 garbage-first heap   total 146432K, used 61440K [0x0000000083200000, 0x0000000100000000)
  region size 1024K, 9 young (9216K), 9 survivors (9216K)
 Metaspace       used 32098K, committed 32576K, reserved 1114112K
  class space    used 3606K, committed 3840K, reserved 1048576K
}

