# JRE version: Java(TM) SE Runtime Environment (20.0.1+9) (build 20.0.1+9-29)
# Java VM: Java HotSpot(TM) 64-Bit Server VM (20.0.1+9-29, mixed mode, sharing, tiered, compressed oops, compressed class ptrs, g1 gc, windows-amd64)
GC Precious Log:
 CardTable entry size: 512
 Card Set container configuration: InlinePtr #cards 5 size 8 Array Of Cards #cards 12 size 40 Howl #buckets 4 coarsen threshold 1843 Howl Bitmap #cards 512 size 80 coarsen threshold 460 Card regions per heap region 1 cards per card region 2048
 CPUs: 12 total, 12 available
 Memory: 7985M
 Large Page Support: Disabled
 NUMA Support: Disabled
 Compressed Oops: Enabled (32-bit)
 Heap Region Size: 1M
 Heap Min Capacity: 8M
 Heap Initial Capacity: 126M
 Heap Max Capacity: 1998M
 Pre-touch: Disabled
 Parallel Workers: 10
 Concurrent Workers: 3
 Concurrent Refinement Workers: 10
 Periodic GC: Disabled
Heap:
 garbage-first heap   total 91136K, used 27435K [0x0000000083200000, 0x0000000100000000)
  region size 1024K, 9 young (9216K), 7 survivors (7168K)
 Metaspace       used 29762K, committed 30208K, reserved 1114112K
  class space    used 3263K, committed 3456K, reserved 1048576K
GC Heap History (12 events):
Event: 0.448 GC heap before
{Heap before GC invocations=0 (full 0):
 garbage-first heap   total 129024K, used 22528K [0x0000000083200000, 0x0000000100000000)
  region size 1024K, 23 young (23552K), 0 survivors (0K)
 Metaspace       used 6024K, committed 6208K, reserved 1114112K
  class space    used 685K, committed 768K, reserved 1048576K
}
Event: 0.452 GC heap after
{Heap after GC invocations=1 (full 0):
 garbage-first heap   total 129024K, used 3953K [0x0000000083200000, 0x0000000100000000)
  region size 1024K, 3 young (3072K), 3 survivors (3072K)
 Metaspace       used 6024K, committed 6208K, reserved 1114112K
  class space    used 685K, committed 768K, reserved 1048576K
}
Event: 0.798 GC heap before
{Heap before GC invocations=1 (full 0):
 garbage-first heap   total 129024K, used 34673K [0x0000000083200000, 0x0000000100000000)
  region size 1024K, 33 young (33792K), 3 survivors (3072K)
 Metaspace       used 10209K, committed 10432K, reserved 1114112K
  class space    used 1191K, committed 1280K, reserved 1048576K
}
Event: 0.802 GC heap after
{Heap after GC invocations=2 (full 0):
 garbage-first heap   total 129024K, used 5877K [0x0000000083200000, 0x0000000100000000)
  region size 1024K, 2 young (2048K), 2 survivors (2048K)
 Metaspace       used 10209K, committed 10432K, reserved 1114112K
  class space    used 1191K, committed 1280K, reserved 1048576K
}
Event: 1.725 GC heap before
{Heap before GC invocations=2 (full 0):
 garbage-first heap   total 129024K, used 80629K [0x0000000083200000, 0x0000000100000000)
  region size 1024K, 75 young (76800K), 2 survivors (2048K)
 Metaspace       used 16574K, committed 16832K, reserved 1114112K
  class space    used 1887K, committed 1984K, reserved 1048576K
}
Event: 1.734 GC heap after
{Heap after GC invocations=3 (full 0):
 garbage-first heap   total 129024K, used 14582K [0x0000000083200000, 0x0000000100000000)
  region size 1024K, 10 young (10240K), 10 survivors (10240K)
 Metaspace       used 16574K, committed 16832K, reserved 1114112K
  class space    used 1887K, committed 1984K, reserved 1048576K
}
Event: 2.500 GC heap before
{Heap before GC invocations=3 (full 0):
 garbage-first heap   total 129024K, used 113910K [0x0000000083200000, 0x0000000100000000)
  region size 1024K, 75 young (76800K), 10 survivors (10240K)
 Metaspace       used 18407K, committed 18688K, reserved 1114112K
  class space    used 2020K, committed 2176K, reserved 1048576K
}
Event: 2.512 GC heap after
{Heap after GC invocations=4 (full 0):
 garbage-first heap   total 131072K, used 20779K [0x0000000083200000, 0x0000000100000000)
  region size 1024K, 6 young (6144K), 6 survivors (6144K)
 Metaspace       used 18407K, committed 18688K, reserved 1114112K
  class space    used 2020K, committed 2176K, reserved 1048576K
}
Event: 3.058 GC heap before
{Heap before GC invocations=4 (full 0):
 garbage-first heap   total 131072K, used 62763K [0x0000000083200000, 0x0000000100000000)
  region size 1024K, 48 young (49152K), 6 survivors (6144K)
 Metaspace       used 21187K, committed 21504K, reserved 1114112K
  class space    used 2295K, committed 2432K, reserved 1048576K
}
Event: 3.064 GC heap after
{Heap after GC invocations=5 (full 0):
 garbage-first heap   total 131072K, used 21803K [0x0000000083200000, 0x0000000100000000)
  region size 1024K, 7 young (7168K), 7 survivors (7168K)
 Metaspace       used 21187K, committed 21504K, reserved 1114112K
  class space    used 2295K, committed 2432K, reserved 1048576K
}
Event: 6.260 GC heap before
{Heap before GC invocations=6 (full 0):
 garbage-first heap   total 78848K, used 78123K [0x0000000083200000, 0x0000000100000000)
  region size 1024K, 62 young (63488K), 7 survivors (7168K)
 Metaspace       used 29631K, committed 30016K, reserved 1114112K
  class space    used 3246K, committed 3392K, reserved 1048576K
}
Event: 6.273 GC heap after
{Heap after GC invocations=7 (full 0):
 garbage-first heap   total 91136K, used 26411K [0x0000000083200000, 0x0000000100000000)
  region size 1024K, 7 young (7168K), 7 survivors (7168K)
 Metaspace       used 29631K, committed 30016K, reserved 1114112K
  class space    used 3246K, committed 3392K, reserved 1048576K
}

