# JRE version: Java(TM) SE Runtime Environment (20.0.1+9) (build 20.0.1+9-29)
# Java VM: Java HotSpot(TM) 64-Bit Server VM (20.0.1+9-29, mixed mode, emulated-client, sharing, tiered, compressed oops, compressed class ptrs, g1 gc, windows-amd64)
GC Precious Log:
 CardTable entry size: 512
 Card Set container configuration: InlinePtr #cards 5 size 8 Array Of Cards #cards 12 size 40 Howl #buckets 4 coarsen threshold 1843 Howl Bitmap #cards 512 size 80 coarsen threshold 460 Card regions per heap region 1 cards per card region 2048
 CPUs: 12 total, 12 available
 Memory: 7985M
 Large Page Support: Disabled
 NUMA Support: Disabled
 Compressed Oops: Enabled (32-bit)
 Heap Region Size: 1M
 Heap Min Capacity: 8M
 Heap Initial Capacity: 126M
 Heap Max Capacity: 1998M
 Pre-touch: Disabled
 Parallel Workers: 10
 Concurrent Workers: 3
 Concurrent Refinement Workers: 10
 Periodic GC: Disabled
Heap:
 garbage-first heap   total 79872K, used 42590K [0x0000000083200000, 0x0000000100000000)
  region size 1024K, 19 young (19456K), 6 survivors (6144K)
 Metaspace       used 67731K, committed 68480K, reserved 1114112K
  class space    used 9554K, committed 9920K, reserved 1048576K
GC Heap History (20 events):
Event: 1.295 GC heap before
{Heap before GC invocations=2 (full 0):
 garbage-first heap   total 129024K, used 44298K [0x0000000083200000, 0x0000000100000000)
  region size 1024K, 38 young (38912K), 3 survivors (3072K)
 Metaspace       used 20257K, committed 20672K, reserved 1114112K
  class space    used 2649K, committed 2816K, reserved 1048576K
}
Event: 1.300 GC heap after
{Heap after GC invocations=3 (full 0):
 garbage-first heap   total 129024K, used 14176K [0x0000000083200000, 0x0000000100000000)
  region size 1024K, 7 young (7168K), 7 survivors (7168K)
 Metaspace       used 20257K, committed 20672K, reserved 1114112K
  class space    used 2649K, committed 2816K, reserved 1048576K
}
Event: 1.621 GC heap before
{Heap before GC invocations=4 (full 0):
 garbage-first heap   total 55296K, used 39776K [0x0000000083200000, 0x0000000100000000)
  region size 1024K, 32 young (32768K), 7 survivors (7168K)
 Metaspace       used 23051K, committed 23488K, reserved 1114112K
  class space    used 3076K, committed 3264K, reserved 1048576K
}
Event: 1.631 GC heap after
{Heap after GC invocations=5 (full 0):
 garbage-first heap   total 55296K, used 15688K [0x0000000083200000, 0x0000000100000000)
  region size 1024K, 3 young (3072K), 3 survivors (3072K)
 Metaspace       used 23051K, committed 23488K, reserved 1114112K
  class space    used 3076K, committed 3264K, reserved 1048576K
}
Event: 1.975 GC heap before
{Heap before GC invocations=5 (full 0):
 garbage-first heap   total 55296K, used 41288K [0x0000000083200000, 0x0000000100000000)
  region size 1024K, 28 young (28672K), 3 survivors (3072K)
 Metaspace       used 26845K, committed 27392K, reserved 1114112K
  class space    used 3695K, committed 3968K, reserved 1048576K
}
Event: 1.982 GC heap after
{Heap after GC invocations=6 (full 0):
 garbage-first heap   total 55296K, used 17408K [0x0000000083200000, 0x0000000100000000)
  region size 1024K, 4 young (4096K), 4 survivors (4096K)
 Metaspace       used 26845K, committed 27392K, reserved 1114112K
  class space    used 3695K, committed 3968K, reserved 1048576K
}
Event: 2.320 GC heap before
{Heap before GC invocations=6 (full 0):
 garbage-first heap   total 55296K, used 44032K [0x0000000083200000, 0x0000000100000000)
  region size 1024K, 30 young (30720K), 4 survivors (4096K)
 Metaspace       used 31278K, committed 31808K, reserved 1114112K
  class space    used 4260K, committed 4480K, reserved 1048576K
}
Event: 2.328 GC heap after
{Heap after GC invocations=7 (full 0):
 garbage-first heap   total 66560K, used 19456K [0x0000000083200000, 0x0000000100000000)
  region size 1024K, 2 young (2048K), 2 survivors (2048K)
 Metaspace       used 31278K, committed 31808K, reserved 1114112K
  class space    used 4260K, committed 4480K, reserved 1048576K
}
Event: 2.476 GC heap before
{Heap before GC invocations=7 (full 0):
 garbage-first heap   total 66560K, used 28672K [0x0000000083200000, 0x0000000100000000)
  region size 1024K, 12 young (12288K), 2 survivors (2048K)
 Metaspace       used 33947K, committed 34496K, reserved 1114112K
  class space    used 4656K, committed 4864K, reserved 1048576K
}
Event: 2.480 GC heap after
{Heap after GC invocations=8 (full 0):
 garbage-first heap   total 66560K, used 19908K [0x0000000083200000, 0x0000000100000000)
  region size 1024K, 3 young (3072K), 3 survivors (3072K)
 Metaspace       used 33947K, committed 34496K, reserved 1114112K
  class space    used 4656K, committed 4864K, reserved 1048576K
}
Event: 7.300 GC heap before
{Heap before GC invocations=9 (full 0):
 garbage-first heap   total 66560K, used 55748K [0x0000000083200000, 0x0000000100000000)
  region size 1024K, 38 young (38912K), 3 survivors (3072K)
 Metaspace       used 45558K, committed 46144K, reserved 1114112K
  class space    used 6182K, committed 6464K, reserved 1048576K
}
Event: 7.308 GC heap after
{Heap after GC invocations=10 (full 0):
 garbage-first heap   total 66560K, used 22397K [0x0000000083200000, 0x0000000100000000)
  region size 1024K, 5 young (5120K), 5 survivors (5120K)
 Metaspace       used 45558K, committed 46144K, reserved 1114112K
  class space    used 6182K, committed 6464K, reserved 1048576K
}
Event: 7.787 GC heap before
{Heap before GC invocations=10 (full 0):
 garbage-first heap   total 66560K, used 56189K [0x0000000083200000, 0x0000000100000000)
  region size 1024K, 39 young (39936K), 5 survivors (5120K)
 Metaspace       used 54387K, committed 55040K, reserved 1114112K
  class space    used 7580K, committed 7872K, reserved 1048576K
}
Event: 7.796 GC heap after
{Heap after GC invocations=11 (full 0):
 garbage-first heap   total 66560K, used 23307K [0x0000000083200000, 0x0000000100000000)
  region size 1024K, 4 young (4096K), 4 survivors (4096K)
 Metaspace       used 54387K, committed 55040K, reserved 1114112K
  class space    used 7580K, committed 7872K, reserved 1048576K
}
Event: 12.157 GC heap before
{Heap before GC invocations=11 (full 0):
 garbage-first heap   total 66560K, used 37643K [0x0000000083200000, 0x0000000100000000)
  region size 1024K, 19 young (19456K), 4 survivors (4096K)
 Metaspace       used 57095K, committed 57728K, reserved 1114112K
  class space    used 7962K, committed 8256K, reserved 1048576K
}
Event: 12.164 GC heap after
{Heap after GC invocations=12 (full 0):
 garbage-first heap   total 66560K, used 24354K [0x0000000083200000, 0x0000000100000000)
  region size 1024K, 3 young (3072K), 3 survivors (3072K)
 Metaspace       used 57095K, committed 57728K, reserved 1114112K
  class space    used 7962K, committed 8256K, reserved 1048576K
}
Event: 12.574 GC heap before
{Heap before GC invocations=13 (full 0):
 garbage-first heap   total 66560K, used 58146K [0x0000000083200000, 0x0000000100000000)
  region size 1024K, 36 young (36864K), 3 survivors (3072K)
 Metaspace       used 61791K, committed 62528K, reserved 1114112K
  class space    used 8677K, committed 9024K, reserved 1048576K
}
Event: 12.577 GC heap after
{Heap after GC invocations=14 (full 0):
 garbage-first heap   total 79872K, used 27167K [0x0000000083200000, 0x0000000100000000)
  region size 1024K, 5 young (5120K), 5 survivors (5120K)
 Metaspace       used 61791K, committed 62528K, reserved 1114112K
  class space    used 8677K, committed 9024K, reserved 1048576K
}
Event: 14.680 GC heap before
{Heap before GC invocations=14 (full 0):
 garbage-first heap   total 79872K, used 68127K [0x0000000083200000, 0x0000000100000000)
  region size 1024K, 46 young (47104K), 5 survivors (5120K)
 Metaspace       used 66725K, committed 67520K, reserved 1114112K
  class space    used 9409K, committed 9792K, reserved 1048576K
}
Event: 14.684 GC heap after
{Heap after GC invocations=15 (full 0):
 garbage-first heap   total 79872K, used 30302K [0x0000000083200000, 0x0000000100000000)
  region size 1024K, 6 young (6144K), 6 survivors (6144K)
 Metaspace       used 66725K, committed 67520K, reserved 1114112K
  class space    used 9409K, committed 9792K, reserved 1048576K
}

